Start testing: Sep 07 19:44 UTC
----------------------------------------------------------
1/5 Testing: Student JSON serialization
1/5 Test: Student JSON serialization
Command: "/workspaces/CS310/lab1.2/build/tests" "Student JSON serialization"
Directory: /workspaces/CS310/lab1.2/build
"Student JSON serialization" start time: Sep 07 19:44 UTC
Output:
----------------------------------------------------------
Filters: "Student JSON serialization"
Randomness seeded to: 1508804593
===============================================================================
All tests passed (3 assertions in 1 test case)

<end of output>
Test time =   0.00 sec
----------------------------------------------------------
Test Passed.
"Student JSON serialization" end time: Sep 07 19:44 UTC
"Student JSON serialization" time elapsed: 00:00:00
----------------------------------------------------------

2/5 Testing: Student JSON serialization with invalid fields
2/5 Test: Student JSON serialization with invalid fields
Command: "/workspaces/CS310/lab1.2/build/tests" "Student JSON serialization with invalid fields"
Directory: /workspaces/CS310/lab1.2/build
"Student JSON serialization with invalid fields" start time: Sep 07 19:44 UTC
Output:
----------------------------------------------------------
Filters: "Student JSON serialization with invalid fields"
Randomness seeded to: 1299548056

~~~~~~~~~~~~~~~~~~~~~~~~~~~~~~~~~~~~~~~~~~~~~~~~~~~~~~~~~~~~~~~~~~~~~~~~~~~~~~~
tests is a Catch2 v3.6.0 host application.
Run with -? for options

-------------------------------------------------------------------------------
Student JSON serialization with invalid fields
-------------------------------------------------------------------------------
/workspaces/CS310/lab1.2/tests/test_serialization.cpp:14
...............................................................................

/workspaces/CS310/lab1.2/tests/test_serialization.cpp:14: FAILED:
due to unexpected exception with message:
  grad_year too small

===============================================================================
test cases: 1 | 1 failed
assertions: 1 | 1 failed

<end of output>
Test time =   0.00 sec
----------------------------------------------------------
Test Failed.
"Student JSON serialization with invalid fields" end time: Sep 07 19:44 UTC
"Student JSON serialization with invalid fields" time elapsed: 00:00:00
----------------------------------------------------------

3/5 Testing: Instructor YAML serialization
3/5 Test: Instructor YAML serialization
Command: "/workspaces/CS310/lab1.2/build/tests" "Instructor YAML serialization"
Directory: /workspaces/CS310/lab1.2/build
"Instructor YAML serialization" start time: Sep 07 19:44 UTC
Output:
----------------------------------------------------------
Filters: "Instructor YAML serialization"
Randomness seeded to: 176285867
===============================================================================
All tests passed (2 assertions in 1 test case)

<end of output>
Test time =   0.00 sec
----------------------------------------------------------
Test Passed.
"Instructor YAML serialization" end time: Sep 07 19:44 UTC
"Instructor YAML serialization" time elapsed: 00:00:00
----------------------------------------------------------

4/5 Testing: CSV escaping handles commas and quotes
4/5 Test: CSV escaping handles commas and quotes
Command: "/workspaces/CS310/lab1.2/build/tests" "CSV escaping handles commas and quotes"
Directory: /workspaces/CS310/lab1.2/build
"CSV escaping handles commas and quotes" start time: Sep 07 19:44 UTC
Output:
----------------------------------------------------------
Filters: "CSV escaping handles commas and quotes"
Randomness seeded to: 3007632667
===============================================================================
All tests passed (1 assertion in 1 test case)

<end of output>
Test time =   0.00 sec
----------------------------------------------------------
Test Passed.
"CSV escaping handles commas and quotes" end time: Sep 07 19:44 UTC
"CSV escaping handles commas and quotes" time elapsed: 00:00:00
----------------------------------------------------------

5/5 Testing: Validation throws on bad email
5/5 Test: Validation throws on bad email
Command: "/workspaces/CS310/lab1.2/build/tests" "Validation throws on bad email"
Directory: /workspaces/CS310/lab1.2/build
"Validation throws on bad email" start time: Sep 07 19:44 UTC
Output:
----------------------------------------------------------
Filters: "Validation throws on bad email"
Randomness seeded to: 1326015036
===============================================================================
All tests passed (1 assertion in 1 test case)

<end of output>
Test time =   0.00 sec
----------------------------------------------------------
Test Passed.
"Validation throws on bad email" end time: Sep 07 19:44 UTC
"Validation throws on bad email" time elapsed: 00:00:00
----------------------------------------------------------

End testing: Sep 07 19:44 UTC
